<?xml version="1.0" encoding="UTF-8"?>
<!-- Generated by org.testng.reporters.JUnitReportReporter -->
<testsuite skipped="0" hostname="MAHESH" name="com.github.selenim.mavan.LoginTest" tests="1" failures="0" timestamp="12 May 2018 09:31:51 GMT" time="3.726" errors="0">
  <testcase name="dologin" time="3.726" classname="com.github.selenim.mavan.LoginTest"/>
</testsuite> <!-- com.github.selenim.mavan.LoginTest -->
