<?xml version="1.0" encoding="UTF-8"?>
<!-- Generated by org.testng.reporters.JUnitReportReporter -->
<testsuite skipped="0" hostname="MAHESH" name="com.github.selenim.mavan.FacebookLoginTest" tests="1" failures="0" timestamp="12 May 2018 09:34:08 GMT" time="2.889" errors="0">
  <testcase name="dologin" time="2.889" classname="com.github.selenim.mavan.FacebookLoginTest"/>
</testsuite> <!-- com.github.selenim.mavan.FacebookLoginTest -->
